{"/Users/lambda/Documents/student-art-collection/Student-Art-Collection-BACKEND/api/controllers/user.js": {"path":"/Users/lambda/Documents/student-art-collection/Student-Art-Collection-BACKEND/api/controllers/user.js","statementMap":{"0":{"start":{"line":2,"column":15},"end":{"line":2,"column":32}},"1":{"start":{"line":3,"column":15},"end":{"line":3,"column":34}},"2":{"start":{"line":4,"column":18},"end":{"line":4,"column":35}},"3":{"start":{"line":6,"column":15},"end":{"line":6,"column":38}},"4":{"start":{"line":7,"column":15},"end":{"line":7,"column":43}},"5":{"start":{"line":9,"column":39},"end":{"line":9,"column":64}},"6":{"start":{"line":10,"column":41},"end":{"line":10,"column":71}},"7":{"start":{"line":11,"column":36},"end":{"line":11,"column":62}},"8":{"start":{"line":12,"column":13},"end":{"line":12,"column":48}},"9":{"start":{"line":13,"column":17},"end":{"line":13,"column":47}},"10":{"start":{"line":17,"column":0},"end":{"line":214,"column":2}},"11":{"start":{"line":27,"column":4},"end":{"line":46,"column":5}},"12":{"start":{"line":28,"column":19},"end":{"line":28,"column":53}},"13":{"start":{"line":29,"column":6},"end":{"line":40,"column":7}},"14":{"start":{"line":30,"column":28},"end":{"line":30,"column":60}},"15":{"start":{"line":32,"column":8},"end":{"line":36,"column":9}},"16":{"start":{"line":33,"column":10},"end":{"line":33,"column":50}},"17":{"start":{"line":35,"column":10},"end":{"line":35,"column":49}},"18":{"start":{"line":37,"column":22},"end":{"line":37,"column":47}},"19":{"start":{"line":38,"column":8},"end":{"line":38,"column":75}},"20":{"start":{"line":39,"column":8},"end":{"line":39,"column":72}},"21":{"start":{"line":41,"column":6},"end":{"line":43,"column":9}},"22":{"start":{"line":45,"column":6},"end":{"line":45,"column":33}},"23":{"start":{"line":50,"column":4},"end":{"line":60,"column":5}},"24":{"start":{"line":51,"column":19},"end":{"line":51,"column":52}},"25":{"start":{"line":52,"column":6},"end":{"line":54,"column":7}},"26":{"start":{"line":53,"column":8},"end":{"line":53,"column":63}},"27":{"start":{"line":55,"column":6},"end":{"line":55,"column":39}},"28":{"start":{"line":56,"column":6},"end":{"line":56,"column":18}},"29":{"start":{"line":57,"column":6},"end":{"line":57,"column":79}},"30":{"start":{"line":59,"column":6},"end":{"line":59,"column":25}},"31":{"start":{"line":65,"column":18},"end":{"line":65,"column":62}},"32":{"start":{"line":66,"column":25},"end":{"line":66,"column":45}},"33":{"start":{"line":67,"column":4},"end":{"line":95,"column":5}},"34":{"start":{"line":68,"column":23},"end":{"line":73,"column":7}},"35":{"start":{"line":74,"column":6},"end":{"line":76,"column":7}},"36":{"start":{"line":75,"column":8},"end":{"line":75,"column":78}},"37":{"start":{"line":77,"column":25},"end":{"line":84,"column":7}},"38":{"start":{"line":85,"column":6},"end":{"line":87,"column":7}},"39":{"start":{"line":86,"column":8},"end":{"line":86,"column":62}},"40":{"start":{"line":88,"column":6},"end":{"line":92,"column":8}},"41":{"start":{"line":94,"column":6},"end":{"line":94,"column":62}},"42":{"start":{"line":98,"column":22},"end":{"line":98,"column":31}},"43":{"start":{"line":99,"column":4},"end":{"line":132,"column":5}},"44":{"start":{"line":100,"column":19},"end":{"line":102,"column":15}},"45":{"start":{"line":103,"column":6},"end":{"line":109,"column":7}},"46":{"start":{"line":104,"column":8},"end":{"line":108,"column":10}},"47":{"start":{"line":110,"column":24},"end":{"line":110,"column":51}},"48":{"start":{"line":111,"column":19},"end":{"line":111,"column":41}},"49":{"start":{"line":113,"column":6},"end":{"line":115,"column":7}},"50":{"start":{"line":114,"column":8},"end":{"line":114,"column":77}},"51":{"start":{"line":116,"column":19},"end":{"line":116,"column":59}},"52":{"start":{"line":117,"column":30},"end":{"line":124,"column":14}},"53":{"start":{"line":126,"column":6},"end":{"line":128,"column":7}},"54":{"start":{"line":127,"column":8},"end":{"line":127,"column":64}},"55":{"start":{"line":129,"column":6},"end":{"line":129,"column":80}},"56":{"start":{"line":131,"column":6},"end":{"line":131,"column":46}},"57":{"start":{"line":134,"column":4},"end":{"line":154,"column":3}},"58":{"start":{"line":135,"column":17},"end":{"line":135,"column":76}},"59":{"start":{"line":137,"column":4},"end":{"line":139,"column":5}},"60":{"start":{"line":138,"column":6},"end":{"line":138,"column":58}},"61":{"start":{"line":140,"column":21},"end":{"line":140,"column":60}},"62":{"start":{"line":141,"column":4},"end":{"line":143,"column":5}},"63":{"start":{"line":142,"column":6},"end":{"line":142,"column":58}},"64":{"start":{"line":144,"column":18},"end":{"line":144,"column":43}},"65":{"start":{"line":146,"column":4},"end":{"line":149,"column":7}},"66":{"start":{"line":147,"column":7},"end":{"line":147,"column":73}},"67":{"start":{"line":148,"column":7},"end":{"line":148,"column":104}},"68":{"start":{"line":150,"column":6},"end":{"line":150,"column":24}},"69":{"start":{"line":151,"column":4},"end":{"line":151,"column":86}},"70":{"start":{"line":153,"column":4},"end":{"line":153,"column":54}},"71":{"start":{"line":157,"column":4},"end":{"line":183,"column":3}},"72":{"start":{"line":158,"column":21},"end":{"line":158,"column":24}},"73":{"start":{"line":159,"column":25},"end":{"line":159,"column":33}},"74":{"start":{"line":160,"column":6},"end":{"line":162,"column":7}},"75":{"start":{"line":161,"column":8},"end":{"line":161,"column":57}},"76":{"start":{"line":163,"column":6},"end":{"line":163,"column":28}},"77":{"start":{"line":164,"column":6},"end":{"line":164,"column":24}},"78":{"start":{"line":165,"column":25},"end":{"line":165,"column":29}},"79":{"start":{"line":166,"column":6},"end":{"line":180,"column":7}},"80":{"start":{"line":168,"column":10},"end":{"line":169,"column":36}},"81":{"start":{"line":170,"column":14},"end":{"line":170,"column":72}},"82":{"start":{"line":173,"column":10},"end":{"line":174,"column":36}},"83":{"start":{"line":175,"column":12},"end":{"line":175,"column":70}},"84":{"start":{"line":178,"column":10},"end":{"line":178,"column":47}},"85":{"start":{"line":182,"column":6},"end":{"line":182,"column":60}},"86":{"start":{"line":187,"column":25},"end":{"line":187,"column":28}},"87":{"start":{"line":188,"column":4},"end":{"line":197,"column":5}},"88":{"start":{"line":189,"column":6},"end":{"line":189,"column":81}},"89":{"start":{"line":190,"column":6},"end":{"line":190,"column":24}},"90":{"start":{"line":191,"column":6},"end":{"line":191,"column":26}},"91":{"start":{"line":192,"column":6},"end":{"line":192,"column":44}},"92":{"start":{"line":194,"column":6},"end":{"line":194,"column":26}},"93":{"start":{"line":195,"column":6},"end":{"line":195,"column":32}},"94":{"start":{"line":201,"column":21},"end":{"line":201,"column":24}},"95":{"start":{"line":202,"column":22},"end":{"line":202,"column":26}},"96":{"start":{"line":203,"column":4},"end":{"line":212,"column":5}},"97":{"start":{"line":205,"column":8},"end":{"line":205,"column":91}},"98":{"start":{"line":206,"column":8},"end":{"line":206,"column":66}},"99":{"start":{"line":208,"column":8},"end":{"line":208,"column":90}},"100":{"start":{"line":209,"column":8},"end":{"line":209,"column":66}},"101":{"start":{"line":211,"column":8},"end":{"line":211,"column":41}}},"fnMap":{"0":{"name":"(anonymous_0)","decl":{"start":{"line":26,"column":2},"end":{"line":26,"column":3}},"loc":{"start":{"line":26,"column":35},"end":{"line":47,"column":3}},"line":26},"1":{"name":"(anonymous_1)","decl":{"start":{"line":49,"column":2},"end":{"line":49,"column":3}},"loc":{"start":{"line":49,"column":37},"end":{"line":61,"column":3}},"line":49},"2":{"name":"(anonymous_2)","decl":{"start":{"line":64,"column":2},"end":{"line":64,"column":3}},"loc":{"start":{"line":64,"column":41},"end":{"line":96,"column":3}},"line":64},"3":{"name":"(anonymous_3)","decl":{"start":{"line":97,"column":2},"end":{"line":97,"column":3}},"loc":{"start":{"line":97,"column":38},"end":{"line":132,"column":6}},"line":97},"4":{"name":"(anonymous_4)","decl":{"start":{"line":133,"column":2},"end":{"line":133,"column":3}},"loc":{"start":{"line":133,"column":35},"end":{"line":155,"column":3}},"line":133},"5":{"name":"(anonymous_5)","decl":{"start":{"line":156,"column":2},"end":{"line":156,"column":3}},"loc":{"start":{"line":156,"column":38},"end":{"line":184,"column":3}},"line":156},"6":{"name":"(anonymous_6)","decl":{"start":{"line":186,"column":2},"end":{"line":186,"column":3}},"loc":{"start":{"line":186,"column":37},"end":{"line":198,"column":3}},"line":186},"7":{"name":"(anonymous_7)","decl":{"start":{"line":200,"column":2},"end":{"line":200,"column":3}},"loc":{"start":{"line":200,"column":33},"end":{"line":213,"column":3}},"line":200}},"branchMap":{"0":{"loc":{"start":{"line":29,"column":6},"end":{"line":40,"column":7}},"type":"if","locations":[{"start":{"line":29,"column":6},"end":{"line":40,"column":7}},{"start":{"line":29,"column":6},"end":{"line":40,"column":7}}],"line":29},"1":{"loc":{"start":{"line":32,"column":8},"end":{"line":36,"column":9}},"type":"if","locations":[{"start":{"line":32,"column":8},"end":{"line":36,"column":9}},{"start":{"line":32,"column":8},"end":{"line":36,"column":9}}],"line":32},"2":{"loc":{"start":{"line":52,"column":6},"end":{"line":54,"column":7}},"type":"if","locations":[{"start":{"line":52,"column":6},"end":{"line":54,"column":7}},{"start":{"line":52,"column":6},"end":{"line":54,"column":7}}],"line":52},"3":{"loc":{"start":{"line":74,"column":6},"end":{"line":76,"column":7}},"type":"if","locations":[{"start":{"line":74,"column":6},"end":{"line":76,"column":7}},{"start":{"line":74,"column":6},"end":{"line":76,"column":7}}],"line":74},"4":{"loc":{"start":{"line":85,"column":6},"end":{"line":87,"column":7}},"type":"if","locations":[{"start":{"line":85,"column":6},"end":{"line":87,"column":7}},{"start":{"line":85,"column":6},"end":{"line":87,"column":7}}],"line":85},"5":{"loc":{"start":{"line":103,"column":6},"end":{"line":109,"column":7}},"type":"if","locations":[{"start":{"line":103,"column":6},"end":{"line":109,"column":7}},{"start":{"line":103,"column":6},"end":{"line":109,"column":7}}],"line":103},"6":{"loc":{"start":{"line":113,"column":6},"end":{"line":115,"column":7}},"type":"if","locations":[{"start":{"line":113,"column":6},"end":{"line":115,"column":7}},{"start":{"line":113,"column":6},"end":{"line":115,"column":7}}],"line":113},"7":{"loc":{"start":{"line":126,"column":6},"end":{"line":128,"column":7}},"type":"if","locations":[{"start":{"line":126,"column":6},"end":{"line":128,"column":7}},{"start":{"line":126,"column":6},"end":{"line":128,"column":7}}],"line":126},"8":{"loc":{"start":{"line":137,"column":4},"end":{"line":139,"column":5}},"type":"if","locations":[{"start":{"line":137,"column":4},"end":{"line":139,"column":5}},{"start":{"line":137,"column":4},"end":{"line":139,"column":5}}],"line":137},"9":{"loc":{"start":{"line":141,"column":4},"end":{"line":143,"column":5}},"type":"if","locations":[{"start":{"line":141,"column":4},"end":{"line":143,"column":5}},{"start":{"line":141,"column":4},"end":{"line":143,"column":5}}],"line":141},"10":{"loc":{"start":{"line":146,"column":4},"end":{"line":149,"column":7}},"type":"if","locations":[{"start":{"line":146,"column":4},"end":{"line":149,"column":7}},{"start":{"line":146,"column":4},"end":{"line":149,"column":7}}],"line":146},"11":{"loc":{"start":{"line":160,"column":6},"end":{"line":162,"column":7}},"type":"if","locations":[{"start":{"line":160,"column":6},"end":{"line":162,"column":7}},{"start":{"line":160,"column":6},"end":{"line":162,"column":7}}],"line":160},"12":{"loc":{"start":{"line":166,"column":6},"end":{"line":180,"column":7}},"type":"switch","locations":[{"start":{"line":167,"column":8},"end":{"line":171,"column":9}},{"start":{"line":172,"column":8},"end":{"line":176,"column":9}},{"start":{"line":177,"column":8},"end":{"line":179,"column":9}}],"line":166},"13":{"loc":{"start":{"line":203,"column":4},"end":{"line":212,"column":5}},"type":"switch","locations":[{"start":{"line":204,"column":6},"end":{"line":206,"column":66}},{"start":{"line":207,"column":6},"end":{"line":209,"column":66}},{"start":{"line":210,"column":6},"end":{"line":211,"column":41}}],"line":203}},"s":{"0":3,"1":3,"2":3,"3":3,"4":3,"5":3,"6":3,"7":3,"8":3,"9":3,"10":3,"11":1,"12":1,"13":1,"14":1,"15":1,"16":1,"17":0,"18":1,"19":1,"20":1,"21":0,"22":0,"23":0,"24":0,"25":0,"26":0,"27":0,"28":0,"29":0,"30":0,"31":0,"32":0,"33":0,"34":0,"35":0,"36":0,"37":0,"38":0,"39":0,"40":0,"41":0,"42":0,"43":0,"44":0,"45":0,"46":0,"47":0,"48":0,"49":0,"50":0,"51":0,"52":0,"53":0,"54":0,"55":0,"56":0,"57":2,"58":2,"59":2,"60":1,"61":1,"62":1,"63":0,"64":1,"65":1,"66":1,"67":1,"68":0,"69":0,"70":0,"71":0,"72":0,"73":0,"74":0,"75":0,"76":0,"77":0,"78":0,"79":0,"80":0,"81":0,"82":0,"83":0,"84":0,"85":0,"86":0,"87":0,"88":0,"89":0,"90":0,"91":0,"92":0,"93":0,"94":0,"95":0,"96":0,"97":0,"98":0,"99":0,"100":0,"101":0},"f":{"0":1,"1":0,"2":0,"3":0,"4":2,"5":0,"6":0,"7":0},"b":{"0":[1,0],"1":[1,0],"2":[0,0],"3":[0,0],"4":[0,0],"5":[0,0],"6":[0,0],"7":[0,0],"8":[1,1],"9":[0,1],"10":[1,0],"11":[0,0],"12":[0,0,0],"13":[0,0,0]},"_coverageSchema":"43e27e138ebf9cfc5966b082cf9a028302ed4184","hash":"0d9f580164bfaec4d91acfbf45db1040d4bd7fa5"}
,"/Users/lambda/Documents/student-art-collection/Student-Art-Collection-BACKEND/config/db.js": {"path":"/Users/lambda/Documents/student-art-collection/Student-Art-Collection-BACKEND/config/db.js","statementMap":{"0":{"start":{"line":1,"column":17},"end":{"line":1,"column":36}},"1":{"start":{"line":2,"column":27},"end":{"line":2,"column":44}},"2":{"start":{"line":4,"column":15},"end":{"line":4,"column":19}},"3":{"start":{"line":6,"column":24},"end":{"line":13,"column":1}},"4":{"start":{"line":7,"column":4},"end":{"line":11,"column":5}},"5":{"start":{"line":8,"column":8},"end":{"line":8,"column":59}},"6":{"start":{"line":10,"column":8},"end":{"line":10,"column":26}},"7":{"start":{"line":12,"column":4},"end":{"line":12,"column":135}},"8":{"start":{"line":15,"column":0},"end":{"line":15,"column":33}}},"fnMap":{"0":{"name":"(anonymous_0)","decl":{"start":{"line":6,"column":24},"end":{"line":6,"column":25}},"loc":{"start":{"line":6,"column":29},"end":{"line":13,"column":1}},"line":6}},"branchMap":{"0":{"loc":{"start":{"line":7,"column":4},"end":{"line":11,"column":5}},"type":"if","locations":[{"start":{"line":7,"column":4},"end":{"line":11,"column":5}},{"start":{"line":7,"column":4},"end":{"line":11,"column":5}}],"line":7},"1":{"loc":{"start":{"line":8,"column":19},"end":{"line":8,"column":59}},"type":"binary-expr","locations":[{"start":{"line":8,"column":19},"end":{"line":8,"column":26}},{"start":{"line":8,"column":30},"end":{"line":8,"column":59}}],"line":8}},"s":{"0":3,"1":3,"2":3,"3":3,"4":3,"5":3,"6":0,"7":3,"8":3},"f":{"0":3},"b":{"0":[3,0],"1":[3,3]},"_coverageSchema":"43e27e138ebf9cfc5966b082cf9a028302ed4184","hash":"dc84c0f84f2fb056dcf505b5a95c9fa4011ddd9b"}
,"/Users/lambda/Documents/student-art-collection/Student-Art-Collection-BACKEND/test/db.js": {"path":"/Users/lambda/Documents/student-art-collection/Student-Art-Collection-BACKEND/test/db.js","statementMap":{"0":{"start":{"line":1,"column":17},"end":{"line":1,"column":36}},"1":{"start":{"line":2,"column":11},"end":{"line":2,"column":34}},"2":{"start":{"line":3,"column":13},"end":{"line":3,"column":38}},"3":{"start":{"line":6,"column":0},"end":{"line":6,"column":34}},"4":{"start":{"line":8,"column":14},"end":{"line":10,"column":1}},"5":{"start":{"line":12,"column":16},"end":{"line":15,"column":1}},"6":{"start":{"line":14,"column":4},"end":{"line":14,"column":35}},"7":{"start":{"line":17,"column":19},"end":{"line":24,"column":1}},"8":{"start":{"line":18,"column":4},"end":{"line":23,"column":5}},"9":{"start":{"line":19,"column":24},"end":{"line":19,"column":34}},"10":{"start":{"line":20,"column":8},"end":{"line":20,"column":22}},"11":{"start":{"line":22,"column":8},"end":{"line":22,"column":35}},"12":{"start":{"line":26,"column":21},"end":{"line":28,"column":1}},"13":{"start":{"line":27,"column":4},"end":{"line":27,"column":31}},"14":{"start":{"line":30,"column":17},"end":{"line":35,"column":3}},"15":{"start":{"line":37,"column":19},"end":{"line":39,"column":1}},"16":{"start":{"line":38,"column":6},"end":{"line":38,"column":40}},"17":{"start":{"line":41,"column":16},"end":{"line":44,"column":1}},"18":{"start":{"line":42,"column":17},"end":{"line":42,"column":76}},"19":{"start":{"line":43,"column":4},"end":{"line":43,"column":15}},"20":{"start":{"line":46,"column":0},"end":{"line":53,"column":1}}},"fnMap":{"0":{"name":"(anonymous_0)","decl":{"start":{"line":12,"column":16},"end":{"line":12,"column":17}},"loc":{"start":{"line":12,"column":28},"end":{"line":15,"column":1}},"line":12},"1":{"name":"(anonymous_1)","decl":{"start":{"line":17,"column":19},"end":{"line":17,"column":20}},"loc":{"start":{"line":17,"column":31},"end":{"line":24,"column":1}},"line":17},"2":{"name":"(anonymous_2)","decl":{"start":{"line":26,"column":21},"end":{"line":26,"column":22}},"loc":{"start":{"line":26,"column":33},"end":{"line":28,"column":1}},"line":26},"3":{"name":"(anonymous_3)","decl":{"start":{"line":37,"column":19},"end":{"line":37,"column":20}},"loc":{"start":{"line":37,"column":30},"end":{"line":39,"column":1}},"line":37},"4":{"name":"(anonymous_4)","decl":{"start":{"line":41,"column":16},"end":{"line":41,"column":17}},"loc":{"start":{"line":41,"column":26},"end":{"line":44,"column":1}},"line":41}},"branchMap":{},"s":{"0":3,"1":3,"2":3,"3":3,"4":3,"5":3,"6":7,"7":3,"8":3,"9":3,"10":3,"11":0,"12":3,"13":3,"14":3,"15":3,"16":7,"17":3,"18":3,"19":3,"20":3},"f":{"0":7,"1":3,"2":3,"3":7,"4":3},"b":{},"_coverageSchema":"43e27e138ebf9cfc5966b082cf9a028302ed4184","hash":"34f2da1daf922fb0a7db05fb9837bb8c6dce25b3"}
}
