{"/Users/lambda/Documents/student-art-collection/Student-Art-Collection-BACKEND/api/controllers/user.js": {"path":"/Users/lambda/Documents/student-art-collection/Student-Art-Collection-BACKEND/api/controllers/user.js","statementMap":{"0":{"start":{"line":2,"column":15},"end":{"line":2,"column":32}},"1":{"start":{"line":3,"column":15},"end":{"line":3,"column":34}},"2":{"start":{"line":4,"column":18},"end":{"line":4,"column":35}},"3":{"start":{"line":6,"column":15},"end":{"line":6,"column":38}},"4":{"start":{"line":7,"column":15},"end":{"line":7,"column":43}},"5":{"start":{"line":9,"column":39},"end":{"line":9,"column":64}},"6":{"start":{"line":10,"column":41},"end":{"line":10,"column":71}},"7":{"start":{"line":11,"column":36},"end":{"line":11,"column":62}},"8":{"start":{"line":12,"column":13},"end":{"line":12,"column":48}},"9":{"start":{"line":13,"column":17},"end":{"line":13,"column":47}},"10":{"start":{"line":14,"column":55},"end":{"line":14,"column":82}},"11":{"start":{"line":18,"column":0},"end":{"line":185,"column":2}},"12":{"start":{"line":28,"column":4},"end":{"line":47,"column":5}},"13":{"start":{"line":29,"column":19},"end":{"line":29,"column":53}},"14":{"start":{"line":30,"column":6},"end":{"line":41,"column":7}},"15":{"start":{"line":31,"column":28},"end":{"line":31,"column":60}},"16":{"start":{"line":33,"column":8},"end":{"line":37,"column":9}},"17":{"start":{"line":34,"column":10},"end":{"line":34,"column":50}},"18":{"start":{"line":36,"column":10},"end":{"line":36,"column":49}},"19":{"start":{"line":38,"column":22},"end":{"line":38,"column":47}},"20":{"start":{"line":39,"column":8},"end":{"line":39,"column":75}},"21":{"start":{"line":40,"column":8},"end":{"line":40,"column":72}},"22":{"start":{"line":42,"column":6},"end":{"line":44,"column":9}},"23":{"start":{"line":46,"column":6},"end":{"line":46,"column":33}},"24":{"start":{"line":51,"column":4},"end":{"line":61,"column":5}},"25":{"start":{"line":52,"column":19},"end":{"line":52,"column":52}},"26":{"start":{"line":53,"column":6},"end":{"line":55,"column":7}},"27":{"start":{"line":54,"column":8},"end":{"line":54,"column":63}},"28":{"start":{"line":56,"column":6},"end":{"line":56,"column":39}},"29":{"start":{"line":57,"column":6},"end":{"line":57,"column":18}},"30":{"start":{"line":58,"column":6},"end":{"line":58,"column":79}},"31":{"start":{"line":60,"column":6},"end":{"line":60,"column":25}},"32":{"start":{"line":66,"column":18},"end":{"line":66,"column":62}},"33":{"start":{"line":67,"column":25},"end":{"line":67,"column":45}},"34":{"start":{"line":68,"column":4},"end":{"line":90,"column":5}},"35":{"start":{"line":69,"column":6},"end":{"line":74,"column":8}},"36":{"start":{"line":75,"column":5},"end":{"line":82,"column":8}},"37":{"start":{"line":83,"column":6},"end":{"line":87,"column":8}},"38":{"start":{"line":89,"column":6},"end":{"line":89,"column":62}},"39":{"start":{"line":93,"column":22},"end":{"line":93,"column":31}},"40":{"start":{"line":94,"column":4},"end":{"line":123,"column":5}},"41":{"start":{"line":95,"column":19},"end":{"line":97,"column":15}},"42":{"start":{"line":98,"column":6},"end":{"line":104,"column":7}},"43":{"start":{"line":99,"column":8},"end":{"line":103,"column":10}},"44":{"start":{"line":105,"column":24},"end":{"line":105,"column":51}},"45":{"start":{"line":106,"column":19},"end":{"line":106,"column":41}},"46":{"start":{"line":108,"column":6},"end":{"line":110,"column":7}},"47":{"start":{"line":109,"column":8},"end":{"line":109,"column":77}},"48":{"start":{"line":111,"column":19},"end":{"line":111,"column":59}},"49":{"start":{"line":112,"column":5},"end":{"line":119,"column":15}},"50":{"start":{"line":120,"column":6},"end":{"line":120,"column":80}},"51":{"start":{"line":122,"column":6},"end":{"line":122,"column":46}},"52":{"start":{"line":125,"column":4},"end":{"line":150,"column":3}},"53":{"start":{"line":126,"column":17},"end":{"line":126,"column":76}},"54":{"start":{"line":128,"column":4},"end":{"line":130,"column":5}},"55":{"start":{"line":129,"column":6},"end":{"line":129,"column":58}},"56":{"start":{"line":131,"column":21},"end":{"line":131,"column":60}},"57":{"start":{"line":132,"column":4},"end":{"line":134,"column":5}},"58":{"start":{"line":133,"column":6},"end":{"line":133,"column":58}},"59":{"start":{"line":135,"column":18},"end":{"line":135,"column":43}},"60":{"start":{"line":137,"column":4},"end":{"line":140,"column":7}},"61":{"start":{"line":138,"column":7},"end":{"line":138,"column":73}},"62":{"start":{"line":139,"column":7},"end":{"line":139,"column":104}},"63":{"start":{"line":141,"column":6},"end":{"line":141,"column":25}},"64":{"start":{"line":142,"column":26},"end":{"line":142,"column":81}},"65":{"start":{"line":143,"column":6},"end":{"line":147,"column":10}},"66":{"start":{"line":149,"column":4},"end":{"line":149,"column":54}},"67":{"start":{"line":153,"column":4},"end":{"line":165,"column":3}},"68":{"start":{"line":154,"column":21},"end":{"line":154,"column":24}},"69":{"start":{"line":155,"column":25},"end":{"line":155,"column":33}},"70":{"start":{"line":156,"column":6},"end":{"line":158,"column":7}},"71":{"start":{"line":157,"column":8},"end":{"line":157,"column":57}},"72":{"start":{"line":159,"column":6},"end":{"line":159,"column":28}},"73":{"start":{"line":160,"column":6},"end":{"line":160,"column":18}},"74":{"start":{"line":161,"column":27},"end":{"line":161,"column":99}},"75":{"start":{"line":162,"column":6},"end":{"line":162,"column":52}},"76":{"start":{"line":164,"column":6},"end":{"line":164,"column":60}},"77":{"start":{"line":169,"column":25},"end":{"line":169,"column":28}},"78":{"start":{"line":170,"column":4},"end":{"line":177,"column":5}},"79":{"start":{"line":171,"column":6},"end":{"line":171,"column":81}},"80":{"start":{"line":172,"column":6},"end":{"line":172,"column":18}},"81":{"start":{"line":173,"column":6},"end":{"line":173,"column":44}},"82":{"start":{"line":175,"column":6},"end":{"line":175,"column":32}},"83":{"start":{"line":181,"column":21},"end":{"line":181,"column":24}},"84":{"start":{"line":182,"column":24},"end":{"line":182,"column":79}},"85":{"start":{"line":183,"column":4},"end":{"line":183,"column":62}}},"fnMap":{"0":{"name":"(anonymous_0)","decl":{"start":{"line":27,"column":2},"end":{"line":27,"column":3}},"loc":{"start":{"line":27,"column":35},"end":{"line":48,"column":3}},"line":27},"1":{"name":"(anonymous_1)","decl":{"start":{"line":50,"column":2},"end":{"line":50,"column":3}},"loc":{"start":{"line":50,"column":37},"end":{"line":62,"column":3}},"line":50},"2":{"name":"(anonymous_2)","decl":{"start":{"line":65,"column":2},"end":{"line":65,"column":3}},"loc":{"start":{"line":65,"column":41},"end":{"line":91,"column":3}},"line":65},"3":{"name":"(anonymous_3)","decl":{"start":{"line":92,"column":2},"end":{"line":92,"column":3}},"loc":{"start":{"line":92,"column":38},"end":{"line":123,"column":6}},"line":92},"4":{"name":"(anonymous_4)","decl":{"start":{"line":124,"column":2},"end":{"line":124,"column":3}},"loc":{"start":{"line":124,"column":35},"end":{"line":151,"column":3}},"line":124},"5":{"name":"(anonymous_5)","decl":{"start":{"line":152,"column":2},"end":{"line":152,"column":3}},"loc":{"start":{"line":152,"column":38},"end":{"line":166,"column":3}},"line":152},"6":{"name":"(anonymous_6)","decl":{"start":{"line":168,"column":2},"end":{"line":168,"column":3}},"loc":{"start":{"line":168,"column":37},"end":{"line":178,"column":3}},"line":168},"7":{"name":"(anonymous_7)","decl":{"start":{"line":180,"column":2},"end":{"line":180,"column":3}},"loc":{"start":{"line":180,"column":33},"end":{"line":184,"column":3}},"line":180}},"branchMap":{"0":{"loc":{"start":{"line":30,"column":6},"end":{"line":41,"column":7}},"type":"if","locations":[{"start":{"line":30,"column":6},"end":{"line":41,"column":7}},{"start":{"line":30,"column":6},"end":{"line":41,"column":7}}],"line":30},"1":{"loc":{"start":{"line":33,"column":8},"end":{"line":37,"column":9}},"type":"if","locations":[{"start":{"line":33,"column":8},"end":{"line":37,"column":9}},{"start":{"line":33,"column":8},"end":{"line":37,"column":9}}],"line":33},"2":{"loc":{"start":{"line":53,"column":6},"end":{"line":55,"column":7}},"type":"if","locations":[{"start":{"line":53,"column":6},"end":{"line":55,"column":7}},{"start":{"line":53,"column":6},"end":{"line":55,"column":7}}],"line":53},"3":{"loc":{"start":{"line":98,"column":6},"end":{"line":104,"column":7}},"type":"if","locations":[{"start":{"line":98,"column":6},"end":{"line":104,"column":7}},{"start":{"line":98,"column":6},"end":{"line":104,"column":7}}],"line":98},"4":{"loc":{"start":{"line":108,"column":6},"end":{"line":110,"column":7}},"type":"if","locations":[{"start":{"line":108,"column":6},"end":{"line":110,"column":7}},{"start":{"line":108,"column":6},"end":{"line":110,"column":7}}],"line":108},"5":{"loc":{"start":{"line":128,"column":4},"end":{"line":130,"column":5}},"type":"if","locations":[{"start":{"line":128,"column":4},"end":{"line":130,"column":5}},{"start":{"line":128,"column":4},"end":{"line":130,"column":5}}],"line":128},"6":{"loc":{"start":{"line":132,"column":4},"end":{"line":134,"column":5}},"type":"if","locations":[{"start":{"line":132,"column":4},"end":{"line":134,"column":5}},{"start":{"line":132,"column":4},"end":{"line":134,"column":5}}],"line":132},"7":{"loc":{"start":{"line":137,"column":4},"end":{"line":140,"column":7}},"type":"if","locations":[{"start":{"line":137,"column":4},"end":{"line":140,"column":7}},{"start":{"line":137,"column":4},"end":{"line":140,"column":7}}],"line":137},"8":{"loc":{"start":{"line":156,"column":6},"end":{"line":158,"column":7}},"type":"if","locations":[{"start":{"line":156,"column":6},"end":{"line":158,"column":7}},{"start":{"line":156,"column":6},"end":{"line":158,"column":7}}],"line":156}},"s":{"0":3,"1":3,"2":3,"3":3,"4":3,"5":3,"6":3,"7":3,"8":3,"9":3,"10":3,"11":3,"12":1,"13":1,"14":1,"15":1,"16":1,"17":1,"18":0,"19":1,"20":1,"21":1,"22":0,"23":0,"24":2,"25":2,"26":2,"27":1,"28":1,"29":1,"30":1,"31":0,"32":1,"33":1,"34":1,"35":1,"36":1,"37":1,"38":0,"39":1,"40":1,"41":1,"42":1,"43":1,"44":0,"45":0,"46":0,"47":0,"48":0,"49":0,"50":0,"51":0,"52":2,"53":2,"54":2,"55":1,"56":1,"57":1,"58":0,"59":1,"60":1,"61":1,"62":1,"63":0,"64":0,"65":0,"66":0,"67":0,"68":0,"69":0,"70":0,"71":0,"72":0,"73":0,"74":0,"75":0,"76":0,"77":1,"78":1,"79":1,"80":1,"81":1,"82":0,"83":1,"84":1,"85":1},"f":{"0":1,"1":2,"2":1,"3":1,"4":2,"5":0,"6":1,"7":1},"b":{"0":[1,0],"1":[1,0],"2":[1,1],"3":[1,0],"4":[0,0],"5":[1,1],"6":[0,1],"7":[1,0],"8":[0,0]},"_coverageSchema":"43e27e138ebf9cfc5966b082cf9a028302ed4184","hash":"54e1f4b44d7203c6fee207da0a277895f5927377"}
,"/Users/lambda/Documents/student-art-collection/Student-Art-Collection-BACKEND/api/validation/userValidator.js": {"path":"/Users/lambda/Documents/student-art-collection/Student-Art-Collection-BACKEND/api/validation/userValidator.js","statementMap":{"0":{"start":{"line":2,"column":18},"end":{"line":2,"column":40}},"1":{"start":{"line":3,"column":15},"end":{"line":3,"column":43}},"2":{"start":{"line":5,"column":22},"end":{"line":5,"column":52}},"3":{"start":{"line":6,"column":24},"end":{"line":6,"column":49}},"4":{"start":{"line":9,"column":0},"end":{"line":129,"column":2}},"5":{"start":{"line":11,"column":22},"end":{"line":11,"column":30}},"6":{"start":{"line":12,"column":22},"end":{"line":14,"column":6}},"7":{"start":{"line":15,"column":4},"end":{"line":17,"column":5}},"8":{"start":{"line":16,"column":6},"end":{"line":16,"column":58}},"9":{"start":{"line":18,"column":4},"end":{"line":27,"column":5}},"10":{"start":{"line":19,"column":19},"end":{"line":19,"column":57}},"11":{"start":{"line":20,"column":6},"end":{"line":22,"column":7}},"12":{"start":{"line":21,"column":8},"end":{"line":21,"column":55}},"13":{"start":{"line":23,"column":6},"end":{"line":23,"column":27}},"14":{"start":{"line":24,"column":6},"end":{"line":24,"column":20}},"15":{"start":{"line":26,"column":6},"end":{"line":26,"column":57}},"16":{"start":{"line":31,"column":22},"end":{"line":35,"column":6}},"17":{"start":{"line":37,"column":4},"end":{"line":41,"column":5}},"18":{"start":{"line":38,"column":6},"end":{"line":40,"column":9}},"19":{"start":{"line":42,"column":4},"end":{"line":54,"column":5}},"20":{"start":{"line":43,"column":19},"end":{"line":43,"column":73}},"21":{"start":{"line":44,"column":6},"end":{"line":46,"column":7}},"22":{"start":{"line":45,"column":8},"end":{"line":45,"column":22}},"23":{"start":{"line":47,"column":6},"end":{"line":51,"column":8}},"24":{"start":{"line":53,"column":6},"end":{"line":53,"column":63}},"25":{"start":{"line":58,"column":4},"end":{"line":80,"column":5}},"26":{"start":{"line":60,"column":26},"end":{"line":62,"column":10}},"27":{"start":{"line":63,"column":8},"end":{"line":65,"column":9}},"28":{"start":{"line":64,"column":10},"end":{"line":64,"column":63}},"29":{"start":{"line":66,"column":8},"end":{"line":66,"column":22}},"30":{"start":{"line":69,"column":26},"end":{"line":72,"column":10}},"31":{"start":{"line":73,"column":8},"end":{"line":75,"column":9}},"32":{"start":{"line":74,"column":10},"end":{"line":74,"column":63}},"33":{"start":{"line":76,"column":8},"end":{"line":76,"column":22}},"34":{"start":{"line":79,"column":8},"end":{"line":79,"column":29}},"35":{"start":{"line":83,"column":21},"end":{"line":83,"column":24}},"36":{"start":{"line":84,"column":22},"end":{"line":86,"column":6}},"37":{"start":{"line":87,"column":4},"end":{"line":89,"column":5}},"38":{"start":{"line":88,"column":6},"end":{"line":88,"column":77}},"39":{"start":{"line":91,"column":4},"end":{"line":91,"column":18}},"40":{"start":{"line":96,"column":22},"end":{"line":99,"column":6}},"41":{"start":{"line":101,"column":4},"end":{"line":103,"column":5}},"42":{"start":{"line":102,"column":4},"end":{"line":102,"column":57}},"43":{"start":{"line":104,"column":4},"end":{"line":104,"column":17}},"44":{"start":{"line":108,"column":28},"end":{"line":108,"column":39}},"45":{"start":{"line":109,"column":4},"end":{"line":111,"column":5}},"46":{"start":{"line":110,"column":6},"end":{"line":110,"column":52}},"47":{"start":{"line":112,"column":17},"end":{"line":112,"column":49}},"48":{"start":{"line":113,"column":4},"end":{"line":115,"column":5}},"49":{"start":{"line":114,"column":6},"end":{"line":114,"column":56}},"50":{"start":{"line":116,"column":4},"end":{"line":116,"column":20}},"51":{"start":{"line":117,"column":4},"end":{"line":117,"column":17}},"52":{"start":{"line":121,"column":19},"end":{"line":121,"column":29}},"53":{"start":{"line":123,"column":4},"end":{"line":125,"column":5}},"54":{"start":{"line":124,"column":6},"end":{"line":124,"column":77}},"55":{"start":{"line":126,"column":4},"end":{"line":126,"column":17}}},"fnMap":{"0":{"name":"(anonymous_0)","decl":{"start":{"line":10,"column":2},"end":{"line":10,"column":3}},"loc":{"start":{"line":10,"column":42},"end":{"line":28,"column":3}},"line":10},"1":{"name":"(anonymous_1)","decl":{"start":{"line":30,"column":2},"end":{"line":30,"column":3}},"loc":{"start":{"line":30,"column":45},"end":{"line":55,"column":3}},"line":30},"2":{"name":"(anonymous_2)","decl":{"start":{"line":57,"column":2},"end":{"line":57,"column":3}},"loc":{"start":{"line":57,"column":48},"end":{"line":81,"column":3}},"line":57},"3":{"name":"(anonymous_3)","decl":{"start":{"line":82,"column":2},"end":{"line":82,"column":3}},"loc":{"start":{"line":82,"column":35},"end":{"line":93,"column":3}},"line":82},"4":{"name":"(anonymous_4)","decl":{"start":{"line":95,"column":2},"end":{"line":95,"column":3}},"loc":{"start":{"line":95,"column":33},"end":{"line":105,"column":3}},"line":95},"5":{"name":"(anonymous_5)","decl":{"start":{"line":107,"column":2},"end":{"line":107,"column":3}},"loc":{"start":{"line":107,"column":37},"end":{"line":118,"column":3}},"line":107},"6":{"name":"(anonymous_6)","decl":{"start":{"line":120,"column":2},"end":{"line":120,"column":3}},"loc":{"start":{"line":120,"column":43},"end":{"line":128,"column":3}},"line":120}},"branchMap":{"0":{"loc":{"start":{"line":15,"column":4},"end":{"line":17,"column":5}},"type":"if","locations":[{"start":{"line":15,"column":4},"end":{"line":17,"column":5}},{"start":{"line":15,"column":4},"end":{"line":17,"column":5}}],"line":15},"1":{"loc":{"start":{"line":20,"column":6},"end":{"line":22,"column":7}},"type":"if","locations":[{"start":{"line":20,"column":6},"end":{"line":22,"column":7}},{"start":{"line":20,"column":6},"end":{"line":22,"column":7}}],"line":20},"2":{"loc":{"start":{"line":37,"column":4},"end":{"line":41,"column":5}},"type":"if","locations":[{"start":{"line":37,"column":4},"end":{"line":41,"column":5}},{"start":{"line":37,"column":4},"end":{"line":41,"column":5}}],"line":37},"3":{"loc":{"start":{"line":44,"column":6},"end":{"line":46,"column":7}},"type":"if","locations":[{"start":{"line":44,"column":6},"end":{"line":46,"column":7}},{"start":{"line":44,"column":6},"end":{"line":46,"column":7}}],"line":44},"4":{"loc":{"start":{"line":58,"column":4},"end":{"line":80,"column":5}},"type":"switch","locations":[{"start":{"line":59,"column":6},"end":{"line":67,"column":7}},{"start":{"line":68,"column":6},"end":{"line":77,"column":7}},{"start":{"line":78,"column":6},"end":{"line":79,"column":29}}],"line":58},"5":{"loc":{"start":{"line":63,"column":8},"end":{"line":65,"column":9}},"type":"if","locations":[{"start":{"line":63,"column":8},"end":{"line":65,"column":9}},{"start":{"line":63,"column":8},"end":{"line":65,"column":9}}],"line":63},"6":{"loc":{"start":{"line":73,"column":8},"end":{"line":75,"column":9}},"type":"if","locations":[{"start":{"line":73,"column":8},"end":{"line":75,"column":9}},{"start":{"line":73,"column":8},"end":{"line":75,"column":9}}],"line":73},"7":{"loc":{"start":{"line":87,"column":4},"end":{"line":89,"column":5}},"type":"if","locations":[{"start":{"line":87,"column":4},"end":{"line":89,"column":5}},{"start":{"line":87,"column":4},"end":{"line":89,"column":5}}],"line":87},"8":{"loc":{"start":{"line":101,"column":4},"end":{"line":103,"column":5}},"type":"if","locations":[{"start":{"line":101,"column":4},"end":{"line":103,"column":5}},{"start":{"line":101,"column":4},"end":{"line":103,"column":5}}],"line":101},"9":{"loc":{"start":{"line":109,"column":4},"end":{"line":111,"column":5}},"type":"if","locations":[{"start":{"line":109,"column":4},"end":{"line":111,"column":5}},{"start":{"line":109,"column":4},"end":{"line":111,"column":5}}],"line":109},"10":{"loc":{"start":{"line":113,"column":4},"end":{"line":115,"column":5}},"type":"if","locations":[{"start":{"line":113,"column":4},"end":{"line":115,"column":5}},{"start":{"line":113,"column":4},"end":{"line":115,"column":5}}],"line":113},"11":{"loc":{"start":{"line":123,"column":4},"end":{"line":125,"column":5}},"type":"if","locations":[{"start":{"line":123,"column":4},"end":{"line":125,"column":5}},{"start":{"line":123,"column":4},"end":{"line":125,"column":5}}],"line":123}},"s":{"0":3,"1":3,"2":3,"3":3,"4":3,"5":3,"6":3,"7":3,"8":1,"9":2,"10":2,"11":2,"12":1,"13":1,"14":1,"15":0,"16":3,"17":3,"18":1,"19":2,"20":2,"21":2,"22":2,"23":0,"24":0,"25":2,"26":2,"27":2,"28":1,"29":1,"30":0,"31":0,"32":0,"33":0,"34":0,"35":2,"36":2,"37":2,"38":1,"39":1,"40":3,"41":3,"42":1,"43":2,"44":3,"45":3,"46":0,"47":3,"48":3,"49":0,"50":3,"51":3,"52":3,"53":3,"54":1,"55":2},"f":{"0":3,"1":3,"2":2,"3":2,"4":3,"5":3,"6":3},"b":{"0":[1,2],"1":[1,1],"2":[1,2],"3":[2,0],"4":[2,0,0],"5":[1,1],"6":[0,0],"7":[1,1],"8":[1,2],"9":[0,3],"10":[0,3],"11":[1,2]},"_coverageSchema":"43e27e138ebf9cfc5966b082cf9a028302ed4184","hash":"38488157a80d0ba4c74b3c3f0a22d9689203a731"}
}
