TN:
SF:/Users/lambda/Documents/student-art-collection/Student-Art-Collection-BACKEND/api/controllers/user.js
FN:27,(anonymous_0)
FN:50,(anonymous_1)
FN:65,(anonymous_2)
FN:92,(anonymous_3)
FN:124,(anonymous_4)
FN:152,(anonymous_5)
FN:168,(anonymous_6)
FN:180,(anonymous_7)
FNF:8
FNH:7
FNDA:1,(anonymous_0)
FNDA:2,(anonymous_1)
FNDA:1,(anonymous_2)
FNDA:1,(anonymous_3)
FNDA:2,(anonymous_4)
FNDA:0,(anonymous_5)
FNDA:1,(anonymous_6)
FNDA:1,(anonymous_7)
DA:2,3
DA:3,3
DA:4,3
DA:6,3
DA:7,3
DA:9,3
DA:10,3
DA:11,3
DA:12,3
DA:13,3
DA:14,3
DA:18,3
DA:28,1
DA:29,1
DA:30,1
DA:31,1
DA:33,1
DA:34,1
DA:36,0
DA:38,1
DA:39,1
DA:40,1
DA:42,0
DA:46,0
DA:51,2
DA:52,2
DA:53,2
DA:54,1
DA:56,1
DA:57,1
DA:58,1
DA:60,0
DA:66,1
DA:67,1
DA:68,1
DA:69,1
DA:75,1
DA:83,1
DA:89,0
DA:93,1
DA:94,1
DA:95,1
DA:98,1
DA:99,1
DA:105,0
DA:106,0
DA:108,0
DA:109,0
DA:111,0
DA:112,0
DA:120,0
DA:122,0
DA:125,2
DA:126,2
DA:128,2
DA:129,1
DA:131,1
DA:132,1
DA:133,0
DA:135,1
DA:137,1
DA:138,1
DA:139,1
DA:141,0
DA:142,0
DA:143,0
DA:149,0
DA:153,0
DA:154,0
DA:155,0
DA:156,0
DA:157,0
DA:159,0
DA:160,0
DA:161,0
DA:162,0
DA:164,0
DA:169,1
DA:170,1
DA:171,1
DA:172,1
DA:173,1
DA:175,0
DA:181,1
DA:182,1
DA:183,1
LF:86
LH:57
BRDA:30,0,0,1
BRDA:30,0,1,0
BRDA:33,1,0,1
BRDA:33,1,1,0
BRDA:53,2,0,1
BRDA:53,2,1,1
BRDA:98,3,0,1
BRDA:98,3,1,0
BRDA:108,4,0,0
BRDA:108,4,1,0
BRDA:128,5,0,1
BRDA:128,5,1,1
BRDA:132,6,0,0
BRDA:132,6,1,1
BRDA:137,7,0,1
BRDA:137,7,1,0
BRDA:156,8,0,0
BRDA:156,8,1,0
BRF:18
BRH:9
end_of_record
TN:
SF:/Users/lambda/Documents/student-art-collection/Student-Art-Collection-BACKEND/api/validation/userValidator.js
FN:10,(anonymous_0)
FN:30,(anonymous_1)
FN:57,(anonymous_2)
FN:82,(anonymous_3)
FN:95,(anonymous_4)
FN:107,(anonymous_5)
FN:120,(anonymous_6)
FNF:7
FNH:7
FNDA:3,(anonymous_0)
FNDA:3,(anonymous_1)
FNDA:2,(anonymous_2)
FNDA:2,(anonymous_3)
FNDA:3,(anonymous_4)
FNDA:3,(anonymous_5)
FNDA:3,(anonymous_6)
DA:2,3
DA:3,3
DA:5,3
DA:6,3
DA:9,3
DA:11,3
DA:12,3
DA:15,3
DA:16,1
DA:18,2
DA:19,2
DA:20,2
DA:21,1
DA:23,1
DA:24,1
DA:26,0
DA:31,3
DA:37,3
DA:38,1
DA:42,2
DA:43,2
DA:44,2
DA:45,2
DA:47,0
DA:53,0
DA:58,2
DA:60,2
DA:63,2
DA:64,1
DA:66,1
DA:69,0
DA:73,0
DA:74,0
DA:76,0
DA:79,0
DA:83,2
DA:84,2
DA:87,2
DA:88,1
DA:91,1
DA:96,3
DA:101,3
DA:102,1
DA:104,2
DA:108,3
DA:109,3
DA:110,0
DA:112,3
DA:113,3
DA:114,0
DA:116,3
DA:117,3
DA:121,3
DA:123,3
DA:124,1
DA:126,2
LF:56
LH:46
BRDA:15,0,0,1
BRDA:15,0,1,2
BRDA:20,1,0,1
BRDA:20,1,1,1
BRDA:37,2,0,1
BRDA:37,2,1,2
BRDA:44,3,0,2
BRDA:44,3,1,0
BRDA:58,4,0,2
BRDA:58,4,1,0
BRDA:58,4,2,0
BRDA:63,5,0,1
BRDA:63,5,1,1
BRDA:73,6,0,0
BRDA:73,6,1,0
BRDA:87,7,0,1
BRDA:87,7,1,1
BRDA:101,8,0,1
BRDA:101,8,1,2
BRDA:109,9,0,0
BRDA:109,9,1,3
BRDA:113,10,0,0
BRDA:113,10,1,3
BRDA:123,11,0,1
BRDA:123,11,1,2
BRF:25
BRH:18
end_of_record
