TN:
SF:/Users/lambda/Documents/student-art-collection/Student-Art-Collection-BACKEND/api/controllers/user.js
FN:26,(anonymous_0)
FN:49,(anonymous_1)
FN:64,(anonymous_2)
FN:97,(anonymous_3)
FN:133,(anonymous_4)
FN:156,(anonymous_5)
FN:186,(anonymous_6)
FN:198,(anonymous_7)
FNF:8
FNH:5
FNDA:1,(anonymous_0)
FNDA:2,(anonymous_1)
FNDA:0,(anonymous_2)
FNDA:0,(anonymous_3)
FNDA:2,(anonymous_4)
FNDA:0,(anonymous_5)
FNDA:1,(anonymous_6)
FNDA:1,(anonymous_7)
DA:2,3
DA:3,3
DA:4,3
DA:6,3
DA:7,3
DA:9,3
DA:10,3
DA:11,3
DA:12,3
DA:13,3
DA:17,3
DA:27,1
DA:28,1
DA:29,1
DA:30,1
DA:32,1
DA:33,1
DA:35,0
DA:37,1
DA:38,1
DA:39,1
DA:41,0
DA:45,0
DA:50,2
DA:51,2
DA:52,2
DA:53,1
DA:55,1
DA:56,1
DA:57,1
DA:59,0
DA:65,0
DA:66,0
DA:67,0
DA:68,0
DA:74,0
DA:75,0
DA:77,0
DA:85,0
DA:86,0
DA:88,0
DA:94,0
DA:98,0
DA:99,0
DA:100,0
DA:103,0
DA:104,0
DA:110,0
DA:111,0
DA:113,0
DA:114,0
DA:116,0
DA:117,0
DA:126,0
DA:127,0
DA:129,0
DA:131,0
DA:134,2
DA:135,2
DA:137,2
DA:138,1
DA:140,1
DA:141,1
DA:142,0
DA:144,1
DA:146,1
DA:147,1
DA:148,1
DA:150,0
DA:151,0
DA:153,0
DA:157,0
DA:158,0
DA:159,0
DA:160,0
DA:161,0
DA:163,0
DA:164,0
DA:165,0
DA:166,0
DA:168,0
DA:170,0
DA:173,0
DA:175,0
DA:178,0
DA:182,0
DA:187,1
DA:188,1
DA:189,1
DA:190,1
DA:191,1
DA:193,0
DA:199,1
DA:200,1
DA:201,1
DA:203,1
DA:204,1
DA:206,0
DA:207,0
DA:209,0
LF:100
LH:47
BRDA:29,0,0,1
BRDA:29,0,1,0
BRDA:32,1,0,1
BRDA:32,1,1,0
BRDA:52,2,0,1
BRDA:52,2,1,1
BRDA:74,3,0,0
BRDA:74,3,1,0
BRDA:85,4,0,0
BRDA:85,4,1,0
BRDA:103,5,0,0
BRDA:103,5,1,0
BRDA:113,6,0,0
BRDA:113,6,1,0
BRDA:126,7,0,0
BRDA:126,7,1,0
BRDA:137,8,0,1
BRDA:137,8,1,1
BRDA:141,9,0,0
BRDA:141,9,1,1
BRDA:146,10,0,1
BRDA:146,10,1,0
BRDA:160,11,0,0
BRDA:160,11,1,0
BRDA:166,12,0,0
BRDA:166,12,1,0
BRDA:166,12,2,0
BRDA:201,13,0,1
BRDA:201,13,1,0
BRDA:201,13,2,0
BRF:30
BRH:9
end_of_record
TN:
SF:/Users/lambda/Documents/student-art-collection/Student-Art-Collection-BACKEND/api/helpers/ResetPassword.js
FN:7,passwordResetMail
FNF:1
FNH:0
FNDA:0,passwordResetMail
DA:1,3
DA:2,3
DA:3,3
DA:4,3
DA:8,0
DA:16,0
DA:33,0
DA:35,0
DA:36,0
DA:47,0
DA:55,0
DA:56,0
DA:57,0
DA:59,0
DA:63,3
LF:15
LH:5
BRF:0
BRH:0
end_of_record
TN:
SF:/Users/lambda/Documents/student-art-collection/Student-Art-Collection-BACKEND/api/helpers/jwt.js
FN:5,generateToken
FN:22,decodeToken
FNF:2
FNH:2
FNDA:6,generateToken
FNDA:5,decodeToken
DA:1,3
DA:2,3
DA:3,3
DA:6,6
DA:11,6
DA:14,6
DA:15,6
DA:16,6
DA:18,0
DA:23,5
DA:24,5
DA:25,4
DA:26,4
DA:27,4
DA:29,1
DA:32,3
LF:16
LH:15
BRDA:26,0,0,0
BRDA:26,0,1,4
BRF:2
BRH:1
end_of_record
TN:
SF:/Users/lambda/Documents/student-art-collection/Student-Art-Collection-BACKEND/api/helpers/mail.js
FN:17,sendEmailConfirmAccount
FNF:1
FNH:1
FNDA:2,sendEmailConfirmAccount
DA:1,3
DA:2,3
DA:3,3
DA:4,3
DA:6,3
DA:19,2
DA:26,2
DA:43,2
DA:45,2
DA:47,2
DA:55,2
DA:56,0
DA:59,3
LF:13
LH:12
BRF:0
BRH:0
end_of_record
TN:
SF:/Users/lambda/Documents/student-art-collection/Student-Art-Collection-BACKEND/api/helpers/mailText.js
FNF:0
FNH:0
DA:1,3
LF:1
LH:1
BRF:0
BRH:0
end_of_record
TN:
SF:/Users/lambda/Documents/student-art-collection/Student-Art-Collection-BACKEND/api/helpers/response.js
FN:1,(anonymous_0)
FN:5,(anonymous_1)
FNF:2
FNH:2
FNDA:5,(anonymous_0)
FNDA:5,(anonymous_1)
DA:1,3
DA:2,5
DA:5,3
DA:6,5
DA:9,3
LF:5
LH:5
BRF:0
BRH:0
end_of_record
TN:
SF:/Users/lambda/Documents/student-art-collection/Student-Art-Collection-BACKEND/api/middleware/cloudinary.js
FN:6,(anonymous_0)
FN:19,(anonymous_1)
FNF:2
FNH:2
FNDA:1,(anonymous_0)
FNDA:3,(anonymous_1)
DA:1,3
DA:2,3
DA:3,3
DA:5,3
DA:7,1
DA:8,0
DA:9,0
DA:12,0
DA:14,0
DA:17,1
DA:20,3
DA:21,3
LF:12
LH:8
BRDA:7,0,0,0
BRDA:7,0,1,1
BRF:2
BRH:1
end_of_record
TN:
SF:/Users/lambda/Documents/student-art-collection/Student-Art-Collection-BACKEND/api/routes/authroute.js
FNF:0
FNH:0
DA:1,3
DA:2,3
DA:3,3
DA:4,3
DA:5,3
DA:7,3
DA:9,3
DA:10,3
DA:11,3
DA:12,3
DA:13,3
DA:15,3
DA:20,3
DA:22,3
DA:25,3
LF:15
LH:15
BRF:0
BRH:0
end_of_record
TN:
SF:/Users/lambda/Documents/student-art-collection/Student-Art-Collection-BACKEND/api/routes/index.js
FN:18,errors
FNF:1
FNH:0
FNDA:0,errors
DA:1,3
DA:2,3
DA:3,3
DA:4,3
DA:6,3
DA:10,3
DA:12,3
DA:13,3
DA:14,3
DA:15,3
DA:16,3
DA:18,3
DA:19,0
DA:22,3
LF:14
LH:13
BRF:0
BRH:0
end_of_record
TN:
SF:/Users/lambda/Documents/student-art-collection/Student-Art-Collection-BACKEND/api/validation/userValidator.js
FN:10,(anonymous_0)
FN:30,(anonymous_1)
FN:57,(anonymous_2)
FN:82,(anonymous_3)
FN:95,(anonymous_4)
FN:107,(anonymous_5)
FN:120,(anonymous_6)
FNF:7
FNH:5
FNDA:0,(anonymous_0)
FNDA:3,(anonymous_1)
FNDA:2,(anonymous_2)
FNDA:0,(anonymous_3)
FNDA:3,(anonymous_4)
FNDA:3,(anonymous_5)
FNDA:3,(anonymous_6)
DA:2,3
DA:3,3
DA:5,3
DA:6,3
DA:9,3
DA:11,0
DA:12,0
DA:15,0
DA:16,0
DA:18,0
DA:19,0
DA:20,0
DA:21,0
DA:23,0
DA:24,0
DA:26,0
DA:31,3
DA:37,3
DA:38,1
DA:42,2
DA:43,2
DA:44,2
DA:45,2
DA:47,0
DA:53,0
DA:58,2
DA:60,2
DA:63,2
DA:64,1
DA:66,1
DA:69,0
DA:73,0
DA:74,0
DA:76,0
DA:79,0
DA:83,0
DA:84,0
DA:87,0
DA:88,0
DA:91,0
DA:96,3
DA:101,3
DA:102,1
DA:104,2
DA:108,3
DA:109,3
DA:110,0
DA:112,3
DA:113,3
DA:114,0
DA:116,3
DA:117,3
DA:121,3
DA:123,3
DA:124,1
DA:126,2
LF:56
LH:31
BRDA:15,0,0,0
BRDA:15,0,1,0
BRDA:20,1,0,0
BRDA:20,1,1,0
BRDA:37,2,0,1
BRDA:37,2,1,2
BRDA:44,3,0,2
BRDA:44,3,1,0
BRDA:58,4,0,2
BRDA:58,4,1,0
BRDA:58,4,2,0
BRDA:63,5,0,1
BRDA:63,5,1,1
BRDA:73,6,0,0
BRDA:73,6,1,0
BRDA:87,7,0,0
BRDA:87,7,1,0
BRDA:101,8,0,1
BRDA:101,8,1,2
BRDA:109,9,0,0
BRDA:109,9,1,3
BRDA:113,10,0,0
BRDA:113,10,1,3
BRDA:123,11,0,1
BRDA:123,11,1,2
BRF:25
BRH:12
end_of_record
TN:
SF:/Users/lambda/Documents/student-art-collection/Student-Art-Collection-BACKEND/config/cloudinaryConfig.js
FNF:0
FNH:0
DA:1,3
DA:2,3
DA:3,3
DA:5,3
DA:12,3
DA:18,3
LF:6
LH:6
BRF:0
BRH:0
end_of_record
TN:
SF:/Users/lambda/Documents/student-art-collection/Student-Art-Collection-BACKEND/config/db.js
FN:6,(anonymous_0)
FNF:1
FNH:1
FNDA:3,(anonymous_0)
DA:1,3
DA:2,3
DA:4,3
DA:6,3
DA:7,3
DA:8,3
DA:10,0
DA:12,3
DA:15,3
LF:9
LH:8
BRDA:7,0,0,3
BRDA:7,0,1,0
BRDA:8,1,0,3
BRDA:8,1,1,3
BRF:4
BRH:3
end_of_record
TN:
SF:/Users/lambda/Documents/student-art-collection/Student-Art-Collection-BACKEND/config/keys.js
FNF:0
FNH:0
DA:1,3
DA:3,3
LF:2
LH:2
BRF:0
BRH:0
end_of_record
TN:
SF:/Users/lambda/Documents/student-art-collection/Student-Art-Collection-BACKEND/models/buyer.js
FNF:0
FNH:0
DA:1,3
DA:3,3
DA:21,3
LF:3
LH:3
BRF:0
BRH:0
end_of_record
TN:
SF:/Users/lambda/Documents/student-art-collection/Student-Art-Collection-BACKEND/models/index.js
FNF:0
FNH:0
DA:1,3
DA:2,3
DA:3,3
DA:5,3
LF:4
LH:4
BRF:0
BRH:0
end_of_record
TN:
SF:/Users/lambda/Documents/student-art-collection/Student-Art-Collection-BACKEND/models/school.js
FNF:0
FNH:0
DA:1,3
DA:3,3
DA:22,3
DA:24,3
LF:4
LH:4
BRF:0
BRH:0
end_of_record
TN:
SF:/Users/lambda/Documents/student-art-collection/Student-Art-Collection-BACKEND/models/user.js
FN:43,(anonymous_0)
FN:48,(anonymous_1)
FNF:2
FNH:2
FNDA:1,(anonymous_0)
FNDA:12,(anonymous_1)
DA:1,3
DA:2,3
DA:4,3
DA:7,3
DA:43,3
DA:44,1
DA:45,1
DA:48,3
DA:49,12
DA:50,11
DA:51,11
DA:53,12
DA:56,3
LF:13
LH:13
BRDA:45,0,0,1
BRDA:45,0,1,0
BRDA:49,1,0,11
BRDA:49,1,1,1
BRF:4
BRH:3
end_of_record
TN:
SF:/Users/lambda/Documents/student-art-collection/Student-Art-Collection-BACKEND/test/db.js
FN:12,(anonymous_0)
FN:17,(anonymous_1)
FN:26,(anonymous_2)
FN:42,(anonymous_3)
FN:46,(anonymous_4)
FNF:5
FNH:5
FNDA:8,(anonymous_0)
FNDA:3,(anonymous_1)
FNDA:3,(anonymous_2)
FNDA:8,(anonymous_3)
FNDA:4,(anonymous_4)
DA:1,3
DA:2,3
DA:3,3
DA:6,3
DA:8,3
DA:12,3
DA:14,8
DA:17,3
DA:18,3
DA:19,3
DA:20,3
DA:22,0
DA:26,3
DA:27,3
DA:28,3
DA:29,3
DA:31,0
DA:35,3
DA:42,3
DA:43,8
DA:46,3
DA:47,4
DA:48,4
DA:51,3
LF:24
LH:22
BRF:0
BRH:0
end_of_record
